Loading required package: leafcutter
Loading required package: Rcpp

Attaching package: 'dplyr'

The following objects are masked from 'package:data.table':

    between, first, last

The following objects are masked from 'package:stats':

    filter, lag

The following objects are masked from 'package:base':

    intersect, setdiff, setequal, union

Preparing for visualisation
Results to be saved in: leafviz.RData 
Using annotation at: annotations/gencode/gencode.v32 
Loading counts from 31_leafcutter/beige_splicing_perind_numers.counts.gz 
Loading metadata from sample_info/beige_splicing_groups.txt 
Loading exons from annotations/gencode/gencode.v32_all_exons.txt.gz 
Taking input= as a system command ('zless annotations/gencode/gencode.v32_all_exons.txt.gz') and a variable has been used in the expression passed to `input=`. Please use fread(cmd=...). There is a security concern if you are creating an app, and the app could have a malicious user, and the app is not running in a secure environment; e.g. the app is running as root. Please read item 5 in the NEWS file for v1.11.6 for more information and for the option to suppress this message.
Taking input= as a system command ('zcat < annotations/gencode/gencode.v32_all_introns.bed.gz') and a variable has been used in the expression passed to `input=`. Please use fread(cmd=...). There is a security concern if you are creating an app, and the app could have a malicious user, and the app is not running in a secure environment; e.g. the app is running as root. Please read item 5 in the NEWS file for v1.11.6 for more information and for the option to suppress this message.
Warning message:
In left_join(., intron_db, by = c("chr", "start", "end")) :
  Each row in `x` is expected to match at most 1 row in `y`.
i Row 3 of `x` matches multiple rows.
i If multiple matches are expected, set `multiple = "all"` to silence this
  warning.
Taking input= as a system command ('zcat < annotations/gencode/gencode.v32_threeprime.bed.gz') and a variable has been used in the expression passed to `input=`. Please use fread(cmd=...). There is a security concern if you are creating an app, and the app could have a malicious user, and the app is not running in a secure environment; e.g. the app is running as root. Please read item 5 in the NEWS file for v1.11.6 for more information and for the option to suppress this message.
Warning message:
In left_join(., threeprime_db, by = c("chr", "start")) :
  Each row in `x` is expected to match at most 1 row in `y`.
i Row 3 of `x` matches multiple rows.
i If multiple matches are expected, set `multiple = "all"` to silence this
  warning.
Taking input= as a system command ('zcat < annotations/gencode/gencode.v32_fiveprime.bed.gz') and a variable has been used in the expression passed to `input=`. Please use fread(cmd=...). There is a security concern if you are creating an app, and the app could have a malicious user, and the app is not running in a secure environment; e.g. the app is running as root. Please read item 5 in the NEWS file for v1.11.6 for more information and for the option to suppress this message.
Warning message:
In left_join(., fiveprime_db, by = c("chr", "start")) :
  Each row in `x` is expected to match at most 1 row in `y`.
i Row 2 of `x` matches multiple rows.
i If multiple matches are expected, set `multiple = "all"` to silence this
  warning.
[1] "Annotating junctions"
There were 50 or more warnings (use warnings() to see the first 50)
[1] "Preparing results"
[1] "converting counts to ratios"
`mutate_all()` ignored the following grouping variables:
* Column `clu`
i Use `mutate_at(df, vars(-group_cols()), myoperation)` to silence the message.
Warning message:
`funs()` was deprecated in dplyr 0.8.0.
i Please use a list of either functions or lambdas:

# Simple named list: list(mean = mean, median = median)

# Auto named with `tibble::lst()`: tibble::lst(mean, median)

# Using lambdas list(~ mean(., trim = .2), ~ median(., na.rm = TRUE)) 
[1] "creating PCA"
